<?xml version="1.0" encoding="UTF-8"?>
<testsuite xmlns:xsi="http://www.w3.org/2001/XMLSchema-instance" xsi:noNamespaceSchemaLocation="https://maven.apache.org/surefire/maven-surefire-plugin/xsd/surefire-test-report.xsd" version="3.0.2" name="com.thinkcodescale.shedlock_demo.ShedlockDemoApplicationTests" time="10.976" tests="1" errors="0" skipped="0" failures="0">
  <properties>
[...]
</properties>
  <testcase name="contextLoads" classname="com.thinkcodescale.shedlock_demo.ShedlockDemoApplicationTests" time="0.977">
    <system-out><![CDATA[11:53:28.752 [main] INFO org.springframework.test.context.support.AnnotationConfigContextLoaderUtils -- Could not detect default configuration classes for test class [com.thinkcodescale.shedlock_demo.ShedlockDemoApplicationTests]: ShedlockDemoApplicationTests does not declare any static, non-private, non-final, nested classes annotated with @Configuration.
11:53:29.037 [main] INFO org.springframework.boot.test.context.SpringBootTestContextBootstrapper -- Found @SpringBootConfiguration com.thinkcodescale.shedlock_demo.ShedlockDemoApplication for test class com.thinkcodescale.shedlock_demo.ShedlockDemoApplicationTests

  .   ____          _            __ _ _
 /\\ / ___'_ __ _ _(_)_ __  __ _ \ \ \ \
( ( )\___ | '_ | '_| | '_ \/ _` | \ \ \ \
 \\/  ___)| |_)| | | | | || (_| |  ) ) ) )
  '  |____| .__|_| |_|_| |_\__, | / / / /
 =========|_|==============|___/=/_/_/_/

 :: Spring Boot ::       (v3.5.1-SNAPSHOT)

2025-06-01T11:53:30.497+02:00  INFO 3012 --- [shedlock-demo] [           main] c.t.s.ShedlockDemoApplicationTests       : Starting ShedlockDemoApplicationTests using Java 21.0.6 with PID 3012 (started by Hp in C:\Users\Hp\Downloads\shedlock-demo\shedlock-demo)
2025-06-01T11:53:30.503+02:00  INFO 3012 --- [shedlock-demo] [           main] c.t.s.ShedlockDemoApplicationTests       : No active profile set, falling back to 1 default profile: "default"
2025-06-01T11:53:33.254+02:00  INFO 3012 --- [shedlock-demo] [           main] .s.d.r.c.RepositoryConfigurationDelegate : Bootstrapping Spring Data JPA repositories in DEFAULT mode.
2025-06-01T11:53:33.315+02:00  INFO 3012 --- [shedlock-demo] [           main] .s.d.r.c.RepositoryConfigurationDelegate : Finished Spring Data repository scanning in 37 ms. Found 0 JPA repository interfaces.
2025-06-01T11:53:34.219+02:00  INFO 3012 --- [shedlock-demo] [           main] o.hibernate.jpa.internal.util.LogHelper  : HHH000204: Processing PersistenceUnitInfo [name: default]
2025-06-01T11:53:34.322+02:00  INFO 3012 --- [shedlock-demo] [           main] org.hibernate.Version                    : HHH000412: Hibernate ORM core version 6.6.15.Final
2025-06-01T11:53:34.378+02:00  INFO 3012 --- [shedlock-demo] [           main] o.h.c.internal.RegionFactoryInitiator    : HHH000026: Second-level cache disabled
2025-06-01T11:53:34.805+02:00  INFO 3012 --- [shedlock-demo] [           main] o.s.o.j.p.SpringPersistenceUnitInfo      : No LoadTimeWeaver setup: ignoring JPA class transformer
2025-06-01T11:53:34.847+02:00  INFO 3012 --- [shedlock-demo] [           main] com.zaxxer.hikari.HikariDataSource       : HikariPool-1 - Starting...
2025-06-01T11:53:35.388+02:00  INFO 3012 --- [shedlock-demo] [           main] com.zaxxer.hikari.pool.HikariPool        : HikariPool-1 - Added connection org.postgresql.jdbc.PgConnection@2a54c92e
2025-06-01T11:53:35.391+02:00  INFO 3012 --- [shedlock-demo] [           main] com.zaxxer.hikari.HikariDataSource       : HikariPool-1 - Start completed.
2025-06-01T11:53:35.515+02:00  WARN 3012 --- [shedlock-demo] [           main] org.hibernate.orm.deprecation            : HHH90000025: PostgreSQLDialect does not need to be specified explicitly using 'hibernate.dialect' (remove the property setting and it will be selected by default)
2025-06-01T11:53:35.565+02:00  INFO 3012 --- [shedlock-demo] [           main] org.hibernate.orm.connections.pooling    : HHH10001005: Database info:
	Database JDBC URL [Connecting through datasource 'HikariDataSource (HikariPool-1)']
	Database driver: undefined/unknown
	Database version: 17.5
	Autocommit mode: undefined/unknown
	Isolation level: undefined/unknown
	Minimum pool size: undefined/unknown
	Maximum pool size: undefined/unknown
2025-06-01T11:53:36.461+02:00  INFO 3012 --- [shedlock-demo] [           main] o.h.e.t.j.p.i.JtaPlatformInitiator       : HHH000489: No JTA platform available (set 'hibernate.transaction.jta.platform' to enable JTA platform integration)
2025-06-01T11:53:36.470+02:00  INFO 3012 --- [shedlock-demo] [           main] j.LocalContainerEntityManagerFactoryBean : Initialized JPA EntityManagerFactory for persistence unit 'default'
2025-06-01T11:53:36.852+02:00  WARN 3012 --- [shedlock-demo] [           main] JpaBaseConfiguration$JpaWebConfiguration : spring.jpa.open-in-view is enabled by default. Therefore, database queries may be performed during view rendering. Explicitly configure spring.jpa.open-in-view to disable this warning
2025-06-01T11:53:37.976+02:00  INFO 3012 --- [shedlock-demo] [           main] o.s.b.a.e.web.EndpointLinksResolver      : Exposing 1 endpoint beneath base path '/actuator'
2025-06-01T11:53:38.227+02:00  INFO 3012 --- [shedlock-demo] [           main] c.t.s.ShedlockDemoApplicationTests       : Started ShedlockDemoApplicationTests in 8.724 seconds (process running for 10.855)
]]></system-out>
    <system-err><![CDATA[Mockito is currently self-attaching to enable the inline-mock-maker. This will no longer work in future releases of the JDK. Please add Mockito as an agent to your build as described in Mockito's documentation: https://javadoc.io/doc/org.mockito/mockito-core/latest/org.mockito/org/mockito/Mockito.html#0.3
WARNING: A Java agent has been loaded dynamically (C:\Users\Hp\.m2\repository\net\bytebuddy\byte-buddy-agent\1.17.5\byte-buddy-agent-1.17.5.jar)
WARNING: If a serviceability tool is in use, please run with -XX:+EnableDynamicAgentLoading to hide this warning
WARNING: If a serviceability tool is not in use, please run with -Djdk.instrument.traceUsage for more information
WARNING: Dynamic loading of agents will be disallowed by default in a future release
]]></system-err>
  </testcase>
</testsuite>